<?xml version="1.0" encoding="UTF-8"?>
<Site BuildName="(empty)"
	BuildStamp="20240801-0757-Experimental"
	Name="jasonli-ASUS-TUF-Gaming-F16-FX607JU-FX607JU"
	Generator="ctest-3.22.1"
	CompilerName="/usr/bin/c++"
	CompilerVersion="11.4.0"
	OSName="Linux"
	Hostname="jasonli-ASUS-TUF-Gaming-F16-FX607JU-FX607JU"
	OSRelease="6.5.0-44-generic"
	OSVersion="#44~22.04.1-Ubuntu SMP PREEMPT_DYNAMIC Tue Jun 18 14:36:16 UTC 2"
	OSPlatform="x86_64"
	Is64Bits="1"
	VendorString="GenuineIntel"
	VendorID="Intel Corporation"
	FamilyID="6"
	ModelID="183"
	ProcessorCacheSize="24576"
	NumberOfLogicalCPU="20"
	NumberOfPhysicalCPU="14"
	TotalVirtualMemory="15639"
	TotalPhysicalMemory="31705"
	LogicalProcessorsPerPhysical="1"
	ProcessorClockFrequency="3921.21"
	>
	<Testing>
		<StartDateTime>Aug 01 15:57 CST</StartDateTime>
		<StartTestTime>1722499048</StartTestTime>
		<TestList/>
		<EndDateTime>Aug 01 15:57 CST</EndDateTime>
		<EndTestTime>1722499048</EndTestTime>
		<ElapsedMinutes>0</ElapsedMinutes>
	</Testing>
</Site>
